<?xml version="1.0" encoding="UTF-8"?>
<!-- Generated by org.testng.reporters.JUnitXMLReporter -->
<testsuite hostname="DESKTOP-7MOLBK8" ignored="0" name="Default test" tests="1" failures="0" timestamp="13 Apr 2020 18:42:31 GMT" time="0.745" errors="0">
  <testcase name="@BeforeTest BeforeTest" time="0.693" classname="TestCases.TestBase">
    <failure type="java.lang.Error" message="Unresolved compilation problem: 
	Cannot switch on a value of type String for source level below 1.7. Only convertible int values or enum variables are permitted
">
      <![CDATA[java.lang.Error: Unresolved compilation problem: 
Cannot switch on a value of type String for source level below 1.7. Only convertible int values or enum variables are permitted

at Utilities.Driver.getDriver(Driver.java:20)
at TestCases.TestBase.BeforeTest(TestBase.java:34)
at sun.reflect.NativeMethodAccessorImpl.invoke0(Native Method)
at sun.reflect.NativeMethodAccessorImpl.invoke(Unknown Source)
at sun.reflect.DelegatingMethodAccessorImpl.invoke(Unknown Source)
at java.lang.reflect.Method.invoke(Unknown Source)
at org.testng.internal.MethodInvocationHelper.invokeMethod(MethodInvocationHelper.java:124)
at org.testng.internal.MethodInvocationHelper.invokeMethodConsideringTimeout(MethodInvocationHelper.java:59)
at org.testng.internal.Invoker.invokeConfigurationMethod(Invoker.java:458)
at org.testng.internal.Invoker.invokeConfigurations(Invoker.java:222)
at org.testng.internal.Invoker.invokeConfigurations(Invoker.java:142)
at org.testng.TestRunner.beforeRun(TestRunner.java:529)
at org.testng.TestRunner.run(TestRunner.java:497)
at org.testng.SuiteRunner.runTest(SuiteRunner.java:455)
at org.testng.SuiteRunner.runSequentially(SuiteRunner.java:450)
at org.testng.SuiteRunner.privateRun(SuiteRunner.java:415)
at org.testng.SuiteRunner.run(SuiteRunner.java:364)
at org.testng.SuiteRunnerWorker.runSuite(SuiteRunnerWorker.java:52)
at org.testng.SuiteRunnerWorker.run(SuiteRunnerWorker.java:84)
at org.testng.TestNG.runSuitesSequentially(TestNG.java:1208)
at org.testng.TestNG.runSuitesLocally(TestNG.java:1137)
at org.testng.TestNG.runSuites(TestNG.java:1049)
at org.testng.TestNG.run(TestNG.java:1017)
at org.testng.remote.AbstractRemoteTestNG.run(AbstractRemoteTestNG.java:115)
at org.testng.remote.RemoteTestNG.initAndRun(RemoteTestNG.java:251)
at org.testng.remote.RemoteTestNG.main(RemoteTestNG.java:77)
]]>
    </failure>
  </testcase> <!-- @BeforeTest BeforeTest -->
  <testcase name="@BeforeMethod BeforeTestMethod" time="0.0" classname="TestCases.TestBase">
    <skipped/>
  </testcase> <!-- @BeforeMethod BeforeTestMethod -->
  <testcase name="@AfterMethod AfterTestMethod" time="0.0" classname="TestCases.TestBase">
    <skipped/>
  </testcase> <!-- @AfterMethod AfterTestMethod -->
  <testcase name="@AfterTest AfterTest" time="0.0" classname="TestCases.TestBase">
    <skipped/>
  </testcase> <!-- @AfterTest AfterTest -->
  <testcase name="Search" time="0.0" classname="TestCases.AmazonTestCase">
    <skipped/>
  </testcase> <!-- Search -->
</testsuite> <!-- Default test -->
