<?xml version="1.0" encoding="UTF-8"?>
<!-- Generated by org.testng.reporters.JUnitXMLReporter -->
<testsuite hostname="DESKTOP-7MOLBK8" ignored="0" name="Amazon Test" tests="1" failures="1" timestamp="13 Apr 2020 18:44:06 GMT" time="10.934" errors="0">
  <testcase name="Search" time="0.034" classname="TestCases.AmazonTestCase">
    <failure type="java.lang.NullPointerException">
      <![CDATA[java.lang.NullPointerException
at Locators.AmazonPageFactory.Search(AmazonPageFactory.java:14)
at TestCases.AmazonTestCase.Search(AmazonTestCase.java:13)
... Removed 25 stack frames]]>
    </failure>
  </testcase> <!-- Search -->
</testsuite> <!-- Amazon Test -->
