<?xml version="1.0" encoding="UTF-8"?>
<!-- Generated by org.testng.reporters.JUnitXMLReporter -->
<testsuite hostname="DESKTOP-7MOLBK8" ignored="0" name="Student Loan Test" tests="1" failures="0" timestamp="13 Apr 2020 18:36:29 GMT" time="0.699" errors="0">
  <testcase name="@BeforeTest BeforeTest" time="0.636" classname="TestCases.TestBase">
    <failure type="java.lang.Error" message="Unresolved compilation problem: 
	Cannot switch on a value of type String for source level below 1.7. Only convertible int values or enum variables are permitted
">
      <![CDATA[java.lang.Error: Unresolved compilation problem: 
Cannot switch on a value of type String for source level below 1.7. Only convertible int values or enum variables are permitted

at Utilities.Driver.getDriver(Driver.java:20)
at TestCases.TestBase.BeforeTest(TestBase.java:33)
... Removed 24 stack frames]]>
    </failure>
  </testcase> <!-- @BeforeTest BeforeTest -->
  <testcase name="@BeforeMethod BeforeTestMethod" time="0.0" classname="TestCases.TestBase">
    <skipped/>
  </testcase> <!-- @BeforeMethod BeforeTestMethod -->
  <testcase name="@AfterMethod AfterTestMethod" time="0.0" classname="TestCases.TestBase">
    <skipped/>
  </testcase> <!-- @AfterMethod AfterTestMethod -->
  <testcase name="@AfterTest AfterTest" time="0.0" classname="TestCases.TestBase">
    <skipped/>
  </testcase> <!-- @AfterTest AfterTest -->
  <testcase name="Search" time="0.0" classname="TestCases.AmazonTestCase">
    <skipped/>
  </testcase> <!-- Search -->
</testsuite> <!-- Student Loan Test -->
